build/app/intermediates/manifest_merge_blame_file/debug/manifest-merger-blame-debug-report.txt
1<?xml version="1.0" encoding="utf-8"?>
2<manifest xmlns:android="http://schemas.android.com/apk/res/android"
3    package="co.chughtai.flash_chat"
4    android:versionCode="1"
5    android:versionName="1.0.0" >
6
7    <uses-sdk
8        android:minSdkVersion="21"
9        android:targetSdkVersion="29" />
10    <!--
11         Flutter needs it to communicate with the running application
12         to allow setting breakpoints, to provide hot reload, etc.
13    -->
14    <uses-permission android:name="android.permission.INTERNET" />
14-->src\debug\AndroidManifest.xml:6:5-66
14-->src\debug\AndroidManifest.xml:6:22-64
15    <uses-permission android:name="android.permission.ACCESS_NETWORK_STATE" />
15-->[com.google.firebase:firebase-auth:21.0.1] AndroidManifest.xml:24:5-79
15-->[com.google.firebase:firebase-auth:21.0.1] AndroidManifest.xml:24:22-76
16    <uses-permission android:name="android.permission.WAKE_LOCK" />
16-->[com.google.android.gms:play-services-measurement-api:20.0.2] AndroidManifest.xml:24:5-68
16-->[com.google.android.gms:play-services-measurement-api:20.0.2] AndroidManifest.xml:24:22-65
17    <uses-permission android:name="com.google.android.finsky.permission.BIND_GET_INSTALL_REFERRER_SERVICE" /> <!-- Include required permissions for Advertising Id -->
17-->[com.google.android.gms:play-services-measurement:20.0.2] AndroidManifest.xml:26:5-110
17-->[com.google.android.gms:play-services-measurement:20.0.2] AndroidManifest.xml:26:22-107
18    <uses-permission android:name="com.google.android.gms.permission.AD_ID" />
18-->[com.google.android.gms:play-services-ads-identifier:18.0.0] AndroidManifest.xml:23:5-79
18-->[com.google.android.gms:play-services-ads-identifier:18.0.0] AndroidManifest.xml:23:22-76
19    <!--
20 io.flutter.app.FlutterApplication is an android.app.Application that
21         calls FlutterMain.startInitialization(this); in its onCreate method.
22         In most cases you can leave this as-is, but you if you want to provide
23         additional functionality it is fine to subclass or reimplement
24         FlutterApplication and put your custom class here.
25    -->
26    <application
26-->src\main\AndroidManifest.xml:9:5-31:19
27        android:appComponentFactory="androidx.core.app.CoreComponentFactory"
27-->[androidx.core:core:1.2.0] AndroidManifest.xml:24:18-86
28        android:debuggable="true" >
29        <activity
29-->src\main\AndroidManifest.xml:12:9-30:20
30            android:name="co.appbrewery.flash_chat.MainActivity"
30-->src\main\AndroidManifest.xml:13:13-41
31            android:configChanges="orientation|keyboardHidden|keyboard|screenSize|locale|layoutDirection|fontScale|screenLayout|density|uiMode"
31-->src\main\AndroidManifest.xml:16:13-144
32            android:hardwareAccelerated="true"
32-->src\main\AndroidManifest.xml:17:13-47
33            android:launchMode="singleTop"
33-->src\main\AndroidManifest.xml:14:13-43
34            android:theme="@style/LaunchTheme"
34-->src\main\AndroidManifest.xml:15:13-47
35            android:windowSoftInputMode="adjustResize" >
35-->src\main\AndroidManifest.xml:18:13-55
36
37            <!--
38                 This keeps the window background of the activity showing
39                 until Flutter renders its first frame. It can be removed if
40                 there is no splash screen (such as the default splash screen
41                 defined in @style/LaunchTheme).
42            -->
43            <meta-data
43-->src\main\AndroidManifest.xml:23:13-25:23
44                android:name="flutterEmbedding"
44-->src\main\AndroidManifest.xml:24:3-34
45                android:value="2" />
45-->src\main\AndroidManifest.xml:25:3-20
46
47            <intent-filter>
47-->src\main\AndroidManifest.xml:26:13-29:29
48                <action android:name="android.intent.action.MAIN" />
48-->src\main\AndroidManifest.xml:27:17-68
48-->src\main\AndroidManifest.xml:27:25-66
49
50                <category android:name="android.intent.category.LAUNCHER" />
50-->src\main\AndroidManifest.xml:28:17-76
50-->src\main\AndroidManifest.xml:28:27-74
51            </intent-filter>
52        </activity>
53
54        <service
54-->[:firebase_auth] AndroidManifest.xml:8:9-12:19
55            android:name="com.google.firebase.components.ComponentDiscoveryService"
55-->[:firebase_auth] AndroidManifest.xml:8:18-89
56            android:directBootAware="true"
56-->[com.google.firebase:firebase-common:20.0.0] AndroidManifest.xml:35:13-43
57            android:exported="false" >
57-->[com.google.firebase:firebase-auth:21.0.1] AndroidManifest.xml:76:13-37
58            <meta-data
58-->[:firebase_auth] AndroidManifest.xml:9:13-11:85
59                android:name="com.google.firebase.components:io.flutter.plugins.firebase.auth.FlutterFirebaseAuthRegistrar"
59-->[:firebase_auth] AndroidManifest.xml:10:17-124
60                android:value="com.google.firebase.components.ComponentRegistrar" />
60-->[:firebase_auth] AndroidManifest.xml:11:17-82
61            <meta-data
61-->[:cloud_firestore] AndroidManifest.xml:9:13-11:85
62                android:name="com.google.firebase.components:io.flutter.plugins.firebase.firestore.FlutterFirebaseFirestoreRegistrar"
62-->[:cloud_firestore] AndroidManifest.xml:10:17-134
63                android:value="com.google.firebase.components.ComponentRegistrar" />
63-->[:cloud_firestore] AndroidManifest.xml:11:17-82
64            <meta-data
64-->[:firebase_core] AndroidManifest.xml:9:13-11:85
65                android:name="com.google.firebase.components:io.flutter.plugins.firebase.core.FlutterFirebaseCoreRegistrar"
65-->[:firebase_core] AndroidManifest.xml:10:17-124
66                android:value="com.google.firebase.components.ComponentRegistrar" />
66-->[:firebase_core] AndroidManifest.xml:11:17-82
67            <meta-data
67-->[com.google.firebase:firebase-auth:21.0.1] AndroidManifest.xml:77:13-79:85
68                android:name="com.google.firebase.components:com.google.firebase.auth.FirebaseAuthRegistrar"
68-->[com.google.firebase:firebase-auth:21.0.1] AndroidManifest.xml:78:17-109
69                android:value="com.google.firebase.components.ComponentRegistrar" />
69-->[com.google.firebase:firebase-auth:21.0.1] AndroidManifest.xml:79:17-82
70            <meta-data
70-->[com.google.firebase:firebase-firestore:24.0.1] AndroidManifest.xml:20:13-22:85
71                android:name="com.google.firebase.components:com.google.firebase.firestore.FirestoreRegistrar"
71-->[com.google.firebase:firebase-firestore:24.0.1] AndroidManifest.xml:21:17-111
72                android:value="com.google.firebase.components.ComponentRegistrar" />
72-->[com.google.firebase:firebase-firestore:24.0.1] AndroidManifest.xml:22:17-82
73            <meta-data
73-->[com.google.android.gms:play-services-measurement-api:20.0.2] AndroidManifest.xml:30:13-32:85
74                android:name="com.google.firebase.components:com.google.firebase.analytics.connector.internal.AnalyticsConnectorRegistrar"
74-->[com.google.android.gms:play-services-measurement-api:20.0.2] AndroidManifest.xml:31:17-139
75                android:value="com.google.firebase.components.ComponentRegistrar" />
75-->[com.google.android.gms:play-services-measurement-api:20.0.2] AndroidManifest.xml:32:17-82
76            <meta-data
76-->[com.google.firebase:firebase-installations:17.0.0] AndroidManifest.xml:18:13-20:85
77                android:name="com.google.firebase.components:com.google.firebase.installations.FirebaseInstallationsRegistrar"
77-->[com.google.firebase:firebase-installations:17.0.0] AndroidManifest.xml:19:17-127
78                android:value="com.google.firebase.components.ComponentRegistrar" />
78-->[com.google.firebase:firebase-installations:17.0.0] AndroidManifest.xml:20:17-82
79        </service>
80
81        <activity
81-->[com.google.firebase:firebase-auth:21.0.1] AndroidManifest.xml:27:9-44:20
82            android:name="com.google.firebase.auth.internal.GenericIdpActivity"
82-->[com.google.firebase:firebase-auth:21.0.1] AndroidManifest.xml:28:13-80
83            android:excludeFromRecents="true"
83-->[com.google.firebase:firebase-auth:21.0.1] AndroidManifest.xml:29:13-46
84            android:exported="true"
84-->[com.google.firebase:firebase-auth:21.0.1] AndroidManifest.xml:30:13-36
85            android:launchMode="singleTask"
85-->[com.google.firebase:firebase-auth:21.0.1] AndroidManifest.xml:31:13-44
86            android:theme="@android:style/Theme.Translucent.NoTitleBar" >
86-->[com.google.firebase:firebase-auth:21.0.1] AndroidManifest.xml:32:13-72
87            <intent-filter>
87-->[com.google.firebase:firebase-auth:21.0.1] AndroidManifest.xml:33:13-43:29
88                <action android:name="android.intent.action.VIEW" />
88-->[com.google.firebase:firebase-auth:21.0.1] AndroidManifest.xml:34:17-69
88-->[com.google.firebase:firebase-auth:21.0.1] AndroidManifest.xml:34:25-66
89
90                <category android:name="android.intent.category.DEFAULT" />
90-->[com.google.firebase:firebase-auth:21.0.1] AndroidManifest.xml:36:17-76
90-->[com.google.firebase:firebase-auth:21.0.1] AndroidManifest.xml:36:27-73
91                <category android:name="android.intent.category.BROWSABLE" />
91-->[com.google.firebase:firebase-auth:21.0.1] AndroidManifest.xml:37:17-78
91-->[com.google.firebase:firebase-auth:21.0.1] AndroidManifest.xml:37:27-75
92
93                <data
93-->[com.google.firebase:firebase-auth:21.0.1] AndroidManifest.xml:39:17-42:51
94                    android:host="firebase.auth"
94-->[com.google.firebase:firebase-auth:21.0.1] AndroidManifest.xml:40:21-49
95                    android:path="/"
95-->[com.google.firebase:firebase-auth:21.0.1] AndroidManifest.xml:41:21-37
96                    android:scheme="genericidp" />
96-->[com.google.firebase:firebase-auth:21.0.1] AndroidManifest.xml:42:21-48
97            </intent-filter>
98        </activity>
99        <activity
99-->[com.google.firebase:firebase-auth:21.0.1] AndroidManifest.xml:45:9-62:20
100            android:name="com.google.firebase.auth.internal.RecaptchaActivity"
100-->[com.google.firebase:firebase-auth:21.0.1] AndroidManifest.xml:46:13-79
101            android:excludeFromRecents="true"
101-->[com.google.firebase:firebase-auth:21.0.1] AndroidManifest.xml:47:13-46
102            android:exported="true"
102-->[com.google.firebase:firebase-auth:21.0.1] AndroidManifest.xml:48:13-36
103            android:launchMode="singleTask"
103-->[com.google.firebase:firebase-auth:21.0.1] AndroidManifest.xml:49:13-44
104            android:theme="@android:style/Theme.Translucent.NoTitleBar" >
104-->[com.google.firebase:firebase-auth:21.0.1] AndroidManifest.xml:50:13-72
105            <intent-filter>
105-->[com.google.firebase:firebase-auth:21.0.1] AndroidManifest.xml:51:13-61:29
106                <action android:name="android.intent.action.VIEW" />
106-->[com.google.firebase:firebase-auth:21.0.1] AndroidManifest.xml:34:17-69
106-->[com.google.firebase:firebase-auth:21.0.1] AndroidManifest.xml:34:25-66
107
108                <category android:name="android.intent.category.DEFAULT" />
108-->[com.google.firebase:firebase-auth:21.0.1] AndroidManifest.xml:36:17-76
108-->[com.google.firebase:firebase-auth:21.0.1] AndroidManifest.xml:36:27-73
109                <category android:name="android.intent.category.BROWSABLE" />
109-->[com.google.firebase:firebase-auth:21.0.1] AndroidManifest.xml:37:17-78
109-->[com.google.firebase:firebase-auth:21.0.1] AndroidManifest.xml:37:27-75
110
111                <data
111-->[com.google.firebase:firebase-auth:21.0.1] AndroidManifest.xml:39:17-42:51
112                    android:host="firebase.auth"
112-->[com.google.firebase:firebase-auth:21.0.1] AndroidManifest.xml:40:21-49
113                    android:path="/"
113-->[com.google.firebase:firebase-auth:21.0.1] AndroidManifest.xml:41:21-37
114                    android:scheme="recaptcha" />
114-->[com.google.firebase:firebase-auth:21.0.1] AndroidManifest.xml:42:21-48
115            </intent-filter>
116        </activity>
117
118        <service
118-->[com.google.firebase:firebase-auth:21.0.1] AndroidManifest.xml:64:9-73:19
119            android:name="com.google.firebase.auth.api.fallback.service.FirebaseAuthFallbackService"
119-->[com.google.firebase:firebase-auth:21.0.1] AndroidManifest.xml:65:13-101
120            android:enabled="true"
120-->[com.google.firebase:firebase-auth:21.0.1] AndroidManifest.xml:66:13-35
121            android:exported="false" >
121-->[com.google.firebase:firebase-auth:21.0.1] AndroidManifest.xml:67:13-37
122            <intent-filter>
122-->[com.google.firebase:firebase-auth:21.0.1] AndroidManifest.xml:68:13-72:29
123                <action android:name="com.google.firebase.auth.api.gms.service.START" />
123-->[com.google.firebase:firebase-auth:21.0.1] AndroidManifest.xml:69:17-89
123-->[com.google.firebase:firebase-auth:21.0.1] AndroidManifest.xml:69:25-86
124
125                <category android:name="android.intent.category.DEFAULT" />
125-->[com.google.firebase:firebase-auth:21.0.1] AndroidManifest.xml:36:17-76
125-->[com.google.firebase:firebase-auth:21.0.1] AndroidManifest.xml:36:27-73
126            </intent-filter>
127        </service>
128
129        <provider
129-->[com.google.firebase:firebase-common:20.0.0] AndroidManifest.xml:26:9-31:39
130            android:name="com.google.firebase.provider.FirebaseInitProvider"
130-->[com.google.firebase:firebase-common:20.0.0] AndroidManifest.xml:27:13-77
131            android:authorities="co.chughtai.flash_chat.firebaseinitprovider"
131-->[com.google.firebase:firebase-common:20.0.0] AndroidManifest.xml:28:13-72
132            android:directBootAware="true"
132-->[com.google.firebase:firebase-common:20.0.0] AndroidManifest.xml:29:13-43
133            android:exported="false"
133-->[com.google.firebase:firebase-common:20.0.0] AndroidManifest.xml:30:13-37
134            android:initOrder="100" />
134-->[com.google.firebase:firebase-common:20.0.0] AndroidManifest.xml:31:13-36
135
136        <activity
136-->[com.google.android.gms:play-services-base:17.1.0] AndroidManifest.xml:23:9-26:75
137            android:name="com.google.android.gms.common.api.GoogleApiActivity"
137-->[com.google.android.gms:play-services-base:17.1.0] AndroidManifest.xml:24:13-79
138            android:exported="false"
138-->[com.google.android.gms:play-services-base:17.1.0] AndroidManifest.xml:25:13-37
139            android:theme="@android:style/Theme.Translucent.NoTitleBar" />
139-->[com.google.android.gms:play-services-base:17.1.0] AndroidManifest.xml:26:13-72
140
141        <receiver
141-->[com.google.android.gms:play-services-measurement:20.0.2] AndroidManifest.xml:29:9-33:20
142            android:name="com.google.android.gms.measurement.AppMeasurementReceiver"
142-->[com.google.android.gms:play-services-measurement:20.0.2] AndroidManifest.xml:30:13-85
143            android:enabled="true"
143-->[com.google.android.gms:play-services-measurement:20.0.2] AndroidManifest.xml:31:13-35
144            android:exported="false" >
144-->[com.google.android.gms:play-services-measurement:20.0.2] AndroidManifest.xml:32:13-37
145        </receiver>
146
147        <service
147-->[com.google.android.gms:play-services-measurement:20.0.2] AndroidManifest.xml:35:9-38:40
148            android:name="com.google.android.gms.measurement.AppMeasurementService"
148-->[com.google.android.gms:play-services-measurement:20.0.2] AndroidManifest.xml:36:13-84
149            android:enabled="true"
149-->[com.google.android.gms:play-services-measurement:20.0.2] AndroidManifest.xml:37:13-35
150            android:exported="false" />
150-->[com.google.android.gms:play-services-measurement:20.0.2] AndroidManifest.xml:38:13-37
151        <service
151-->[com.google.android.gms:play-services-measurement:20.0.2] AndroidManifest.xml:39:9-43:72
152            android:name="com.google.android.gms.measurement.AppMeasurementJobService"
152-->[com.google.android.gms:play-services-measurement:20.0.2] AndroidManifest.xml:40:13-87
153            android:enabled="true"
153-->[com.google.android.gms:play-services-measurement:20.0.2] AndroidManifest.xml:41:13-35
154            android:exported="false"
154-->[com.google.android.gms:play-services-measurement:20.0.2] AndroidManifest.xml:42:13-37
155            android:permission="android.permission.BIND_JOB_SERVICE" />
155-->[com.google.android.gms:play-services-measurement:20.0.2] AndroidManifest.xml:43:13-69
156
157        <meta-data
157-->[com.google.android.gms:play-services-basement:18.0.0] AndroidManifest.xml:21:9-23:69
158            android:name="com.google.android.gms.version"
158-->[com.google.android.gms:play-services-basement:18.0.0] AndroidManifest.xml:22:13-58
159            android:value="@integer/google_play_services_version" />
159-->[com.google.android.gms:play-services-basement:18.0.0] AndroidManifest.xml:23:13-66
160    </application>
161
162</manifest>